\BOOKMARK [0][-]{chapter*.2}{\376\377\000B\000e\000v\000e\000z\000e\000t\000\351\000s}{}% 1
\BOOKMARK [0][-]{chapter.1}{\376\377\0001\000.\000\040\000K\000v\000a\000n\000t\000u\000m\000i\000n\000f\000o\000r\000m\000a\000t\000i\000k\000a}{}% 2
\BOOKMARK [1][-]{section.1.1}{\376\377\0001\000.\0001\000.\000\040\000E\000l\001\121\000z\000m\000\351\000n\000y\000e\000k}{chapter.1}% 3
\BOOKMARK [1][-]{section.1.2}{\376\377\0001\000.\0002\000.\000\040\000J\000e\000l\000e\000n\000l\000e\000g\000i\000\040\000h\000e\000l\000y\000z\000e\000t}{chapter.1}% 4
\BOOKMARK [1][-]{section.1.3}{\376\377\0001\000.\0003\000.\000\040\000N\000e\000h\000\351\000z\000s\000\351\000g\000e\000k}{chapter.1}% 5
\BOOKMARK [1][-]{section.1.4}{\376\377\0001\000.\0004\000.\000\040\000E\000l\001\121\000n\000y\000\366\000k\000\040\000\351\000s\000\040\000v\000e\000s\000z\000\351\000l\000y\000e\000k}{chapter.1}% 6
\BOOKMARK [0][-]{chapter.2}{\376\377\0002\000.\000\040\000K\000l\000a\000s\000s\000z\000i\000k\000u\000s\000-\000\040\000\351\000s\000\040\000k\000v\000a\000n\000t\000u\000m\000\040\000l\000o\000g\000i\000k\000a\000i\000\040\000k\000a\000p\000u\000k}{}% 7
\BOOKMARK [1][-]{section.2.1}{\376\377\0002\000.\0001\000.\000\040\000K\000l\000a\000s\000s\000z\000i\000k\000u\000s\000\040\000l\000o\000g\000i\000k\000a\000i\000\040\000k\000a\000p\000u\000k\000\040\000\351\000s\000\040\000\341\000r\000a\000m\000k\000\366\000r\000\366\000k}{chapter.2}% 8
\BOOKMARK [2][-]{subsection.2.1.1}{\376\377\0002\000.\0001\000.\0001\000.\000\040\000L\000o\000g\000i\000k\000a\000i\000\040\000k\000a\000p\000u\000k}{section.2.1}% 9
\BOOKMARK [2][-]{subsection.2.1.2}{\376\377\0002\000.\0001\000.\0002\000.\000\040\000U\000n\000i\000v\000e\000r\000z\000\341\000l\000i\000s\000\040\000k\000a\000p\000u\000k}{section.2.1}% 10
\BOOKMARK [1][-]{section.2.2}{\376\377\0002\000.\0002\000.\000\040\000K\000v\000a\000n\000t\000u\000m\000\040\000l\000o\000g\000i\000k\000a\000i\000\040\000k\000a\000p\000u\000k\000\040\000\351\000s\000\040\000\341\000r\000a\000m\000k\000\366\000r\000\366\000k}{chapter.2}% 11
\BOOKMARK [2][-]{subsection.2.2.1}{\376\377\0002\000.\0002\000.\0001\000.\000\040\000Q\000u\000b\000i\000t}{section.2.2}% 12
\BOOKMARK [2][-]{subsection.2.2.2}{\376\377\0002\000.\0002\000.\0002\000.\000\040\000S\000z\000u\000p\000e\000r\000p\000o\000z\000\355\000c\000i\000\363\000\040\000\351\000s\000\040\000\366\000s\000s\000z\000e\000f\000o\000n\000\363\000d\000\341\000s}{section.2.2}% 13
\BOOKMARK [2][-]{subsection.2.2.3}{\376\377\0002\000.\0002\000.\0003\000.\000\040\000Q\000u\000b\000i\000t\000\040\000m\000\351\000r\000\351\000s\000e}{section.2.2}% 14
\BOOKMARK [2][-]{subsection.2.2.4}{\376\377\0002\000.\0002\000.\0004\000.\000\040\000K\000v\000a\000n\000t\000u\000m\000\040\000l\000o\000g\000i\000k\000a\000i\000\040\000k\000a\000p\000u\000k}{section.2.2}% 15
\BOOKMARK [2][-]{subsection.2.2.5}{\376\377\0002\000.\0002\000.\0005\000.\000\040\000U\000n\000i\000v\000e\000r\000z\000\341\000l\000i\000s\000\040\000k\000v\000a\000n\000t\000u\000m\000k\000a\000p\000u\000k}{section.2.2}% 16
\BOOKMARK [1][-]{section.2.3}{\376\377\0002\000.\0003\000.\000\040\000R\000e\000v\000e\000r\000z\000i\000b\000i\000l\000i\000s\000\040\000k\000a\000p\000u\000k}{chapter.2}% 17
\BOOKMARK [0][-]{chapter.3}{\376\377\0003\000.\000\040\000T\000a\000n\000u\000l\000\341\000s\000\040\000s\000e\000g\000\355\000t\001\121\000\040\000p\000r\000o\000g\000r\000a\000m\000\040\000\351\000s\000\040\000a\000p\000p\000l\000i\000k\000\341\000c\000i\000\363}{}% 18
\BOOKMARK [1][-]{section.3.1}{\376\377\0003\000.\0001\000.\000\040\000T\000e\000c\000h\000n\000o\000l\000\363\000g\000i\000a\000i\000\040\000k\000\366\000r\000\374\000l\000t\000e\000k\000i\000n\000t\000\351\000s}{chapter.3}% 19
\BOOKMARK [1][-]{section.3.2}{\376\377\0003\000.\0002\000.\000\040\000V\000\341\000l\000a\000s\000z\000t\000o\000t\000t\000\040\000t\000e\000c\000h\000n\000o\000l\000\363\000g\000i\000\341\000k}{chapter.3}% 20
\BOOKMARK [2][-]{subsection.3.2.1}{\376\377\0003\000.\0002\000.\0001\000.\000\040\000A\000s\000z\000t\000a\000l\000i\000\040\000a\000l\000k\000a\000l\000m\000a\000z\000\341\000s}{section.3.2}% 21
\BOOKMARK [2][-]{subsection.3.2.2}{\376\377\0003\000.\0002\000.\0002\000.\000\040\000A\000p\000p\000l\000i\000k\000\341\000c\000i\000\363}{section.3.2}% 22
\BOOKMARK [1][-]{section.3.3}{\376\377\0003\000.\0003\000.\000\040\000A\000s\000z\000t\000a\000l\000i\000\040\000a\000l\000k\000a\000l\000m\000a\000z\000\341\000s\000\040\000b\000e\000m\000u\000t\000a\000t\000\341\000s\000a}{chapter.3}% 23
\BOOKMARK [2][-]{subsection.3.3.1}{\376\377\0003\000.\0003\000.\0001\000.\000\040\000G\000r\000a\000f\000i\000k\000u\000s\000\040\000f\000e\000l\000h\000a\000s\000z\000n\000\341\000l\000\363\000i\000\040\000f\000e\000l\000\374\000l\000e\000t}{section.3.3}% 24
\BOOKMARK [2][-]{subsection.3.3.2}{\376\377\0003\000.\0003\000.\0002\000.\000\040\000K\000o\000m\000m\000u\000n\000i\000k\000\341\000c\000i\000\363\000\040\000a\000\040\000t\000e\000l\000e\000f\000o\000n\000n\000a\000l}{section.3.3}% 25
\BOOKMARK [2][-]{subsection.3.3.3}{\376\377\0003\000.\0003\000.\0003\000.\000\040\000M\000a\000t\000e\000m\000a\000t\000i\000k\000a\000i\000\040\000s\000z\000\341\000m\000\355\000t\000\341\000s\000o\000k}{section.3.3}% 26
\BOOKMARK [2][-]{subsection.3.3.4}{\376\377\0003\000.\0003\000.\0004\000.\000\040\000V\000e\000k\000t\000o\000r\000\040\000f\000o\000r\000g\000a\000t\000\341\000s\000a\000\040\000\351\000s\000\040\000e\000l\000l\000e\000n\001\121\000r\000z\000\351\000s\000e}{section.3.3}% 27
\BOOKMARK [1][-]{section.3.4}{\376\377\0003\000.\0004\000.\000\040\000A\000p\000p\000l\000i\000k\000\341\000c\000i\000\363\000\040\000b\000e\000m\000u\000t\000a\000t\000\341\000s\000a}{chapter.3}% 28
\BOOKMARK [2][-]{subsection.3.4.1}{\376\377\0003\000.\0004\000.\0001\000.\000\040\000G\000r\000a\000f\000i\000k\000u\000s\000\040\000f\000e\000l\000h\000a\000s\000z\000n\000\341\000l\000\363\000i\000\040\000f\000e\000l\000\374\000l\000e\000t}{section.3.4}% 29
\BOOKMARK [2][-]{subsection.3.4.2}{\376\377\0003\000.\0004\000.\0002\000.\000\040\000K\000o\000m\000m\000u\000n\000i\000k\000\341\000c\000i\000\363\000\040\000a\000z\000\040\000a\000s\000z\000t\000a\000l\000i\000\040\000a\000l\000k\000a\000l\000m\000a\000z\000\341\000s\000s\000a\000l}{section.3.4}% 30
\BOOKMARK [2][-]{subsection.3.4.3}{\376\377\0003\000.\0004\000.\0003\000.\000\040\000S\000z\000e\000n\000z\000o\000r\000\040\000a\000d\000a\000t\000o\000k\000\040\000g\000y\001\161\000j\000t\000\351\000s\000e}{section.3.4}% 31
\BOOKMARK [1][-]{section.3.5}{\376\377\0003\000.\0005\000.\000\040\000T\000e\000s\000z\000t\000e\000l\000\351\000s\000e\000k}{chapter.3}% 32
\BOOKMARK [2][-]{subsection.3.5.1}{\376\377\0003\000.\0005\000.\0001\000.\000\040\000U\000n\000i\000t\000\040\000t\000e\000s\000z\000t\000e\000k}{section.3.5}% 33
\BOOKMARK [2][-]{subsection.3.5.2}{\376\377\0003\000.\0005\000.\0002\000.\000\040\000T\000e\000l\000j\000e\000s\000\355\000t\000m\000\351\000n\000y\000\040\000t\000e\000s\000z\000t\000-\000A\000n\000d\000r\000o\000i\000d\000\040\000S\000t\000u\000d\000i\000o\000\040\000P\000r\000o\000f\000i\000l\000e\000r}{section.3.5}% 34
\BOOKMARK [2][-]{subsection.3.5.3}{\376\377\0003\000.\0005\000.\0003\000.\000\040\000F\000e\000l\000h\000a\000s\000z\000n\000\341\000l\000\363\000i\000\040\000t\000e\000s\000z\000t\000e\000k}{section.3.5}% 35
\BOOKMARK [1][-]{section.3.6}{\376\377\0003\000.\0006\000.\000\040\000T\000o\000v\000\341\000b\000b\000f\000e\000j\000l\000e\000s\000z\000t\000\351\000s\000i\000\040\000l\000e\000h\000e\000t\001\121\000s\000\351\000g\000e\000k}{chapter.3}% 36
\BOOKMARK [2][-]{subsection.3.6.1}{\376\377\0003\000.\0006\000.\0001\000.\000\040\000R\000\351\000s\000z\000l\000e\000t\000e\000s\000\040\000m\000a\000t\000e\000m\000a\000t\000i\000k\000a\000i\000\040\000e\000g\000y\000e\000n\000l\000e\000t\000e\000k\000\040\000m\000u\000t\000a\000t\000\341\000s\000a}{section.3.6}% 37
\BOOKMARK [2][-]{subsection.3.6.2}{\376\377\0003\000.\0006\000.\0002\000.\000\040\000S\000a\000j\000\341\000t\000\040\000\341\000r\000a\000m\000k\000\366\000r\000\040\000k\000i\000a\000l\000a\000k\000\355\000t\000\341\000s\000a}{section.3.6}% 38
\BOOKMARK [2][-]{subsection.3.6.3}{\376\377\0003\000.\0006\000.\0003\000.\000\040\000T\000\366\000b\000b\000\040\000k\000v\000a\000n\000t\000u\000m\000b\000i\000t\000e\000s\000\040\000k\000a\000p\000u\000k}{section.3.6}% 39
\BOOKMARK [2][-]{subsection.3.6.4}{\376\377\0003\000.\0006\000.\0004\000.\000\040\000D\000i\000a\000g\000r\000a\000m\000o\000k}{section.3.6}% 40
\BOOKMARK [2][-]{subsection.3.6.5}{\376\377\0003\000.\0006\000.\0005\000.\000\040\000K\000\366\000n\000y\000v\000t\000\341\000r\000a\000k\000\040\000f\000r\000i\000s\000s\000e\000n\000\040\000t\000a\000r\000t\000\341\000s\000a}{section.3.6}% 41
\BOOKMARK [2][-]{subsection.3.6.6}{\376\377\0003\000.\0006\000.\0006\000.\000\040\000I\000O\000S\000\040\000a\000p\000p\000l\000i\000k\000\341\000c\000i\000\363}{section.3.6}% 42
\BOOKMARK [0][-]{chapter*.43}{\376\377\000\326\000s\000s\000z\000e\000g\000z\000\351\000s}{}% 43
\BOOKMARK [0][-]{chapter*.44}{\376\377\000I\000r\000o\000d\000a\000l\000o\000m\000j\000e\000g\000y\000z\000\351\000k}{}% 44
