\BOOKMARK [0][-]{chapter*.2}{\376\377\000B\000e\000v\000e\000z\000e\000t\000\351\000s}{}% 1
\BOOKMARK [0][-]{chapter.1}{\376\377\0001\000.\000\040\000F\000e\000j\000e\000z\000e\000t\000\040\000c\000\355\000m\000e}{}% 2
\BOOKMARK [1][-]{section.1.1}{\376\377\0001\000.\0001\000.\000\040\000S\000z\000a\000k\000a\000s\000z\000\040\000c\000\355\000m\000e}{chapter.1}% 3
\BOOKMARK [2][-]{subsection.1.1.1}{\376\377\0001\000.\0001\000.\0001\000.\000\040\000A\000l\000s\000z\000a\000k\000a\000s\000z\000\040\000c\000\355\000m\000e}{section.1.1}% 4
\BOOKMARK [0][-]{chapter.2}{\376\377\0002\000.\000\040\000K\000l\000a\000s\000s\000z\000i\000k\000u\000s\000-\000\040\000\351\000s\000\040\000k\000v\000a\000n\000t\000u\000m\000\040\000l\000o\000g\000i\000k\000a\000i\000\040\000k\000a\000p\000u\000k}{}% 5
\BOOKMARK [1][-]{section.2.1}{\376\377\0002\000.\0001\000.\000\040\000K\000l\000a\000s\000s\000z\000i\000k\000u\000s\000\040\000l\000o\000g\000i\000k\000a\000i\000\040\000k\000a\000p\000u\000k\000\040\000\351\000s\000\040\000\341\000r\000a\000m\000k\000\366\000r\000\366\000k}{chapter.2}% 6
\BOOKMARK [2][-]{subsection.2.1.1}{\376\377\0002\000.\0001\000.\0001\000.\000\040\000L\000o\000g\000i\000k\000a\000i\000\040\000k\000a\000p\000u\000k}{section.2.1}% 7
\BOOKMARK [2][-]{subsection.2.1.2}{\376\377\0002\000.\0001\000.\0002\000.\000\040\000U\000n\000i\000v\000e\000r\000z\000\341\000l\000i\000s\000\040\000k\000a\000p\000u\000k}{section.2.1}% 8
\BOOKMARK [1][-]{section.2.2}{\376\377\0002\000.\0002\000.\000\040\000K\000v\000a\000n\000t\000u\000m\000\040\000l\000o\000g\000i\000k\000a\000i\000\040\000k\000a\000p\000u\000k\000\040\000\351\000s\000\040\000\341\000r\000a\000m\000k\000\366\000r\000\366\000k}{chapter.2}% 9
\BOOKMARK [2][-]{subsection.2.2.1}{\376\377\0002\000.\0002\000.\0001\000.\000\040\000Q\000u\000b\000i\000t}{section.2.2}% 10
\BOOKMARK [2][-]{subsection.2.2.2}{\376\377\0002\000.\0002\000.\0002\000.\000\040\000S\000z\000u\000p\000e\000r\000p\000o\000z\000\355\000c\000i\000\363\000\040\000\351\000s\000\040\000\366\000s\000s\000z\000e\000f\000o\000n\000\363\000d\000\341\000s}{section.2.2}% 11
\BOOKMARK [2][-]{subsection.2.2.3}{\376\377\0002\000.\0002\000.\0003\000.\000\040\000Q\000u\000b\000i\000t\000\040\000m\000\351\000r\000\351\000s\000e}{section.2.2}% 12
\BOOKMARK [2][-]{subsection.2.2.4}{\376\377\0002\000.\0002\000.\0004\000.\000\040\000K\000v\000a\000n\000t\000u\000m\000\040\000l\000o\000g\000i\000k\000a\000i\000\040\000k\000a\000p\000u\000k}{section.2.2}% 13
\BOOKMARK [2][-]{subsection.2.2.5}{\376\377\0002\000.\0002\000.\0005\000.\000\040\000U\000n\000i\000v\000e\000r\000z\000\341\000l\000i\000s\000\040\000k\000v\000a\000n\000t\000u\000m\000k\000a\000p\000u\000k}{section.2.2}% 14
\BOOKMARK [1][-]{section.2.3}{\376\377\0002\000.\0003\000.\000\040\000R\000e\000v\000e\000r\000z\000i\000b\000i\000l\000i\000s\000\040\000k\000a\000p\000u\000k}{chapter.2}% 15
\BOOKMARK [0][-]{chapter.3}{\376\377\0003\000.\000\040\000T\000a\000n\000u\000l\000\341\000s\000\040\000s\000e\000g\000\355\000t\001\121\000\040\000p\000r\000o\000g\000r\000a\000m\000\040\000\351\000s\000\040\000a\000p\000p\000l\000i\000k\000\341\000c\000i\000\363}{}% 16
\BOOKMARK [1][-]{section.3.1}{\376\377\0003\000.\0001\000.\000\040\000T\000e\000c\000h\000n\000o\000l\000\363\000g\000i\000a\000i\000\040\000k\000\366\000r\000\374\000l\000t\000e\000k\000i\000n\000t\000\351\000s}{chapter.3}% 17
\BOOKMARK [1][-]{section.3.2}{\376\377\0003\000.\0002\000.\000\040\000V\000\341\000l\000a\000s\000z\000t\000o\000t\000t\000\040\000t\000e\000c\000h\000n\000o\000l\000\363\000g\000i\000\341\000k}{chapter.3}% 18
\BOOKMARK [2][-]{subsection.3.2.1}{\376\377\0003\000.\0002\000.\0001\000.\000\040\000A\000s\000z\000t\000a\000l\000i\000\040\000a\000l\000k\000a\000l\000m\000a\000z\000\341\000s}{section.3.2}% 19
\BOOKMARK [2][-]{subsection.3.2.2}{\376\377\0003\000.\0002\000.\0002\000.\000\040\000A\000p\000p\000l\000i\000k\000\341\000c\000i\000\363}{section.3.2}% 20
\BOOKMARK [1][-]{section.3.3}{\376\377\0003\000.\0003\000.\000\040\000S\000p\000e\000c\000i\000f\000i\000k\000\341\000c\000i\000\363}{chapter.3}% 21
\BOOKMARK [1][-]{section.3.4}{\376\377\0003\000.\0004\000.\000\040\000P\000r\000o\000g\000r\000a\000m\000\040\000b\000e\000m\000u\000t\000a\000t\000\341\000s\000a}{chapter.3}% 22
\BOOKMARK [1][-]{section.3.5}{\376\377\0003\000.\0005\000.\000\040\000A\000p\000p\000l\000i\000k\000\341\000c\000i\000\363\000\040\000b\000e\000m\000u\000t\000a\000t\000\341\000s\000a}{chapter.3}% 23
\BOOKMARK [1][-]{section.3.6}{\376\377\0003\000.\0006\000.\000\040\000T\000e\000s\000z\000t\000e\000l\000\351\000s\000e\000k}{chapter.3}% 24
\BOOKMARK [1][-]{section.3.7}{\376\377\0003\000.\0007\000.\000\040\000T\000o\000v\000\341\000b\000b\000f\000e\000j\000l\000e\000s\000z\000t\000\351\000s\000i\000\040\000l\000e\000h\000e\000t\001\121\000s\000\351\000g\000e\000k}{chapter.3}% 25
\BOOKMARK [0][-]{chapter*.30}{\376\377\000\326\000s\000s\000z\000e\000g\000z\000\351\000s}{}% 26
\BOOKMARK [0][-]{chapter*.31}{\376\377\000I\000r\000o\000d\000a\000l\000o\000m\000j\000e\000g\000y\000z\000\351\000k}{}% 27
